<?xml version="1.0" encoding="UTF-8"?>
<!-- Generated by org.testng.reporters.JUnitXMLReporter -->
<testsuite hostname="TekArch" ignored="2" name="Default test" tests="3" failures="0" timestamp="06 Apr 2023 17:45:27 GMT" time="12.714" errors="0">
  <testcase name="loginTest3" time="0.147" classname="tests.LoginTest"/>
  <testcase name="loginTest3" time="0.027" classname="tests.LoginTest"/>
  <testcase name="loginTest3" time="0.022" classname="tests.LoginTest"/>
  <testcase name="loginTest1" time="0.0" classname="tests.LoginTest">
    <ignored/>
  </testcase> <!-- loginTest1 -->
  <testcase name="loginTest2" time="0.0" classname="tests.LoginTest">
    <ignored/>
  </testcase> <!-- loginTest2 -->
</testsuite> <!-- Default test -->
