<?xml version="1.0" encoding="UTF-8"?>
<!-- Generated by org.testng.reporters.JUnitXMLReporter -->
<testsuite hostname="TekArch" ignored="0" name="Test" tests="8" failures="1" timestamp="06 Apr 2023 17:58:17 GMT" time="47.693" errors="0">
  <testcase name="loginTest3" time="0.115" classname="tests.LoginTest"/>
  <testcase name="loginTest3" time="0.007" classname="tests.LoginTest"/>
  <testcase name="loginTest3" time="0.004" classname="tests.LoginTest"/>
  <testcase name="homePage1" time="0.002" classname="tests.HomeTest"/>
  <testcase name="homePage2" time="0.002" classname="tests.HomeTest"/>
  <testcase name="homePage3" time="0.001" classname="tests.HomeTest"/>
  <testcase name="loginTest1" time="6.454" classname="tests.LoginTest"/>
  <testcase name="loginTest2" time="5.166" classname="tests.LoginTest">
    <failure type="java.util.NoSuchElementException">
      <![CDATA[java.util.NoSuchElementException
	at tests.LoginTest.loginTest2(LoginTest.java:57)
... Removed 25 stack frames]]>
    </failure>
  </testcase> <!-- loginTest2 -->
</testsuite> <!-- Test -->
